c:\users\o2001\onedrive\desktop\storage\visualstudio\project\project\x64\debug\vc143.pdb
c:\users\o2001\onedrive\desktop\storage\visualstudio\project\project\x64\debug\vc143.idb
c:\users\o2001\onedrive\desktop\storage\visualstudio\project\project\x64\debug\main.obj
c:\users\o2001\onedrive\desktop\storage\visualstudio\project\x64\debug\project.pdb
c:\users\o2001\onedrive\desktop\storage\visualstudio\project\project\x64\debug\project.tlog\cl.command.1.tlog
c:\users\o2001\onedrive\desktop\storage\visualstudio\project\project\x64\debug\project.tlog\cl.read.1.tlog
c:\users\o2001\onedrive\desktop\storage\visualstudio\project\project\x64\debug\project.tlog\cl.write.3.tlog
c:\users\o2001\onedrive\desktop\storage\visualstudio\project\project\x64\debug\project.tlog\link-cvtres.read.1.tlog
c:\users\o2001\onedrive\desktop\storage\visualstudio\project\project\x64\debug\project.tlog\link-cvtres.read.2.tlog
c:\users\o2001\onedrive\desktop\storage\visualstudio\project\project\x64\debug\project.tlog\link-cvtres.read.4.tlog
c:\users\o2001\onedrive\desktop\storage\visualstudio\project\project\x64\debug\project.tlog\link-cvtres.write.4.tlog
c:\users\o2001\onedrive\desktop\storage\visualstudio\project\project\x64\debug\project.tlog\link-rc.read.1.tlog
c:\users\o2001\onedrive\desktop\storage\visualstudio\project\project\x64\debug\project.tlog\link-rc.read.3.tlog
c:\users\o2001\onedrive\desktop\storage\visualstudio\project\project\x64\debug\project.tlog\link-rc.write.3.tlog
c:\users\o2001\onedrive\desktop\storage\visualstudio\project\project\x64\debug\project.tlog\link.command.1.tlog
c:\users\o2001\onedrive\desktop\storage\visualstudio\project\project\x64\debug\project.tlog\link.read.1.tlog
c:\users\o2001\onedrive\desktop\storage\visualstudio\project\project\x64\debug\project.tlog\link.read.3.tlog
c:\users\o2001\onedrive\desktop\storage\visualstudio\project\project\x64\debug\project.tlog\link.read.4.tlog
c:\users\o2001\onedrive\desktop\storage\visualstudio\project\project\x64\debug\project.tlog\link.read.5.tlog
c:\users\o2001\onedrive\desktop\storage\visualstudio\project\project\x64\debug\project.tlog\link.read.7.tlog
c:\users\o2001\onedrive\desktop\storage\visualstudio\project\project\x64\debug\project.tlog\link.write.3.tlog
